<?xml version="1.0" encoding="UTF-8"?>
<robot generator="Robot 3.1.2 (Python 3.8.2 on win32)" generated="20200312 10:40:27.486" rpa="false">
<suite id="s1" name="RobotProject1" source="C:\Users\lvaduc\eclipse-workspace\RobotProject1">
<suite id="s1-s1" name="TestCases" source="C:\Users\lvaduc\eclipse-workspace\RobotProject1\TestCases">
<suite id="s1-s1-s1" name="RegisterTest" source="C:\Users\lvaduc\eclipse-workspace\RobotProject1\TestCases\RegisterTest.robot">
<test id="s1-s1-s1-t1" name="RegisterTest">
<kw name="Open my Browser" library="RegisterKeyword">
<arguments>
<arg>${SiteUrl}</arg>
<arg>${Browser}</arg>
</arguments>
<kw name="Open Browser" library="SeleniumLibrary">
<doc>Opens a new browser instance to the optional ``url``.</doc>
<arguments>
<arg>${SiteUrl}</arg>
<arg>${Browser}</arg>
</arguments>
<msg timestamp="20200312 10:40:27.769" level="INFO">Opening browser 'chrome' to base url 'http://newtours.demoaut.com/'.</msg>
<status status="PASS" starttime="20200312 10:40:27.769" endtime="20200312 10:40:31.910"></status>
</kw>
<kw name="Maximize Browser Window" library="SeleniumLibrary">
<doc>Maximizes current browser window.</doc>
<status status="PASS" starttime="20200312 10:40:31.912" endtime="20200312 10:40:33.081"></status>
</kw>
<status status="PASS" starttime="20200312 10:40:27.768" endtime="20200312 10:40:33.081"></status>
</kw>
<kw name="click Register Link" library="RegisterKeyword">
<kw name="Click Link" library="SeleniumLibrary">
<doc>Clicks a link identified by ``locator``.</doc>
<arguments>
<arg>${link_reg}</arg>
</arguments>
<msg timestamp="20200312 10:40:33.083" level="INFO">Clicking link 'link:REGISTER'.</msg>
<status status="PASS" starttime="20200312 10:40:33.082" endtime="20200312 10:40:34.775"></status>
</kw>
<status status="PASS" starttime="20200312 10:40:33.081" endtime="20200312 10:40:34.776"></status>
</kw>
<kw name="Enter FirstName" library="RegisterKeyword">
<arguments>
<arg>Ben</arg>
</arguments>
<kw name="Input Text" library="SeleniumLibrary">
<doc>Types the given ``text`` into the text field identified by ``locator``.</doc>
<arguments>
<arg>${txt_firstName}</arg>
<arg>${firstName}</arg>
</arguments>
<msg timestamp="20200312 10:40:34.779" level="INFO">Typing text 'Ben' into text field 'name:firstName'.</msg>
<status status="PASS" starttime="20200312 10:40:34.779" endtime="20200312 10:40:34.895"></status>
</kw>
<status status="PASS" starttime="20200312 10:40:34.777" endtime="20200312 10:40:34.896"></status>
</kw>
<kw name="Enter LastName" library="RegisterKeyword">
<arguments>
<arg>bman</arg>
</arguments>
<kw name="Input Text" library="SeleniumLibrary">
<doc>Types the given ``text`` into the text field identified by ``locator``.</doc>
<arguments>
<arg>${txt_lastName}</arg>
<arg>${lastName}</arg>
</arguments>
<msg timestamp="20200312 10:40:34.897" level="INFO">Typing text 'bman' into text field 'name:lastName'.</msg>
<status status="PASS" starttime="20200312 10:40:34.896" endtime="20200312 10:40:34.982"></status>
</kw>
<status status="PASS" starttime="20200312 10:40:34.896" endtime="20200312 10:40:34.982"></status>
</kw>
<kw name="Enter Phone" library="RegisterKeyword">
<arguments>
<arg>0392742735</arg>
</arguments>
<kw name="Input Text" library="SeleniumLibrary">
<doc>Types the given ``text`` into the text field identified by ``locator``.</doc>
<arguments>
<arg>${txt_phone}</arg>
<arg>${phone}</arg>
</arguments>
<msg timestamp="20200312 10:40:34.983" level="INFO">Typing text '0392742735' into text field 'name:phone'.</msg>
<status status="PASS" starttime="20200312 10:40:34.983" endtime="20200312 10:40:35.090"></status>
</kw>
<status status="PASS" starttime="20200312 10:40:34.982" endtime="20200312 10:40:35.090"></status>
</kw>
<kw name="Enter Email" library="RegisterKeyword">
<arguments>
<arg>benbman22@gmail.com</arg>
</arguments>
<kw name="Input Text" library="SeleniumLibrary">
<doc>Types the given ``text`` into the text field identified by ``locator``.</doc>
<arguments>
<arg>${txt_email}</arg>
<arg>${email}</arg>
</arguments>
<msg timestamp="20200312 10:40:35.092" level="INFO">Typing text 'benbman22@gmail.com' into text field 'name:userName'.</msg>
<status status="PASS" starttime="20200312 10:40:35.091" endtime="20200312 10:40:35.233"></status>
</kw>
<status status="PASS" starttime="20200312 10:40:35.090" endtime="20200312 10:40:35.233"></status>
</kw>
<kw name="Enter Address1" library="RegisterKeyword">
<arguments>
<arg>VietName</arg>
</arguments>
<kw name="Input Text" library="SeleniumLibrary">
<doc>Types the given ``text`` into the text field identified by ``locator``.</doc>
<arguments>
<arg>${txt_address1}</arg>
<arg>${address1}</arg>
</arguments>
<msg timestamp="20200312 10:40:35.234" level="INFO">Typing text 'VietName' into text field 'name:address1'.</msg>
<status status="PASS" starttime="20200312 10:40:35.234" endtime="20200312 10:40:35.336"></status>
</kw>
<status status="PASS" starttime="20200312 10:40:35.233" endtime="20200312 10:40:35.336"></status>
</kw>
<kw name="Enter Address2" library="RegisterKeyword">
<arguments>
<arg>USA</arg>
</arguments>
<kw name="Input Text" library="SeleniumLibrary">
<doc>Types the given ``text`` into the text field identified by ``locator``.</doc>
<arguments>
<arg>${txt_address2}</arg>
<arg>${address2}</arg>
</arguments>
<msg timestamp="20200312 10:40:35.338" level="INFO">Typing text 'USA' into text field 'name:address2'.</msg>
<status status="PASS" starttime="20200312 10:40:35.337" endtime="20200312 10:40:35.422"></status>
</kw>
<status status="PASS" starttime="20200312 10:40:35.337" endtime="20200312 10:40:35.423"></status>
</kw>
<kw name="Enter City" library="RegisterKeyword">
<arguments>
<arg>HOCHIMINH</arg>
</arguments>
<kw name="Input Text" library="SeleniumLibrary">
<doc>Types the given ``text`` into the text field identified by ``locator``.</doc>
<arguments>
<arg>${txt_city}</arg>
<arg>${city}</arg>
</arguments>
<msg timestamp="20200312 10:40:35.424" level="INFO">Typing text 'HOCHIMINH' into text field 'name:city'.</msg>
<status status="PASS" starttime="20200312 10:40:35.424" endtime="20200312 10:40:35.536"></status>
</kw>
<status status="PASS" starttime="20200312 10:40:35.423" endtime="20200312 10:40:35.537"></status>
</kw>
<kw name="Enter State" library="RegisterKeyword">
<arguments>
<arg>Lamdong</arg>
</arguments>
<kw name="Input Text" library="SeleniumLibrary">
<doc>Types the given ``text`` into the text field identified by ``locator``.</doc>
<arguments>
<arg>${txt_state}</arg>
<arg>${state}</arg>
</arguments>
<msg timestamp="20200312 10:40:35.538" level="INFO">Typing text 'Lamdong' into text field 'name:state'.</msg>
<status status="PASS" starttime="20200312 10:40:35.537" endtime="20200312 10:40:35.636"></status>
</kw>
<status status="PASS" starttime="20200312 10:40:35.537" endtime="20200312 10:40:35.636"></status>
</kw>
<kw name="Enter Postal Code" library="RegisterKeyword">
<arguments>
<arg>72</arg>
</arguments>
<kw name="Input Text" library="SeleniumLibrary">
<doc>Types the given ``text`` into the text field identified by ``locator``.</doc>
<arguments>
<arg>${txt_postalCode}</arg>
<arg>${postalCode}</arg>
</arguments>
<msg timestamp="20200312 10:40:35.637" level="INFO">Typing text '72' into text field 'name:postalCode'.</msg>
<status status="PASS" starttime="20200312 10:40:35.637" endtime="20200312 10:40:35.716"></status>
</kw>
<status status="PASS" starttime="20200312 10:40:35.636" endtime="20200312 10:40:35.716"></status>
</kw>
<kw name="Select Country" library="RegisterKeyword">
<arguments>
<arg>CANADA</arg>
</arguments>
<kw name="Select From List By Label" library="SeleniumLibrary">
<doc>Selects options from selection list ``locator`` by ``labels``.</doc>
<arguments>
<arg>${drp_country}</arg>
<arg>${country}</arg>
</arguments>
<msg timestamp="20200312 10:40:35.717" level="INFO">Selecting options from selection list 'name:country' by label CANADA.</msg>
<status status="PASS" starttime="20200312 10:40:35.717" endtime="20200312 10:40:35.790"></status>
</kw>
<status status="PASS" starttime="20200312 10:40:35.717" endtime="20200312 10:40:35.791"></status>
</kw>
<kw name="Enter UserName" library="RegisterKeyword">
<arguments>
<arg>8beta</arg>
</arguments>
<kw name="Input Text" library="SeleniumLibrary">
<doc>Types the given ``text`` into the text field identified by ``locator``.</doc>
<arguments>
<arg>${txt_userName}</arg>
<arg>${username}</arg>
</arguments>
<msg timestamp="20200312 10:40:35.792" level="INFO">Typing text '8beta' into text field 'name:email'.</msg>
<status status="PASS" starttime="20200312 10:40:35.792" endtime="20200312 10:40:35.882"></status>
</kw>
<status status="PASS" starttime="20200312 10:40:35.791" endtime="20200312 10:40:35.882"></status>
</kw>
<kw name="Enter Password" library="RegisterKeyword">
<arguments>
<arg>Svcmark04</arg>
</arguments>
<kw name="Input Password" library="SeleniumLibrary">
<doc>Types the given password into the text field identified by ``locator``.</doc>
<arguments>
<arg>${txt_password}</arg>
<arg>${password}</arg>
</arguments>
<msg timestamp="20200312 10:40:35.884" level="INFO">Typing password into text field 'name:password'.</msg>
<msg timestamp="20200312 10:40:35.924" level="INFO">Temporally setting log level to: NONE</msg>
<msg timestamp="20200312 10:40:36.001" level="INFO">Log level changed from NONE to INFO.</msg>
<status status="PASS" starttime="20200312 10:40:35.883" endtime="20200312 10:40:36.001"></status>
</kw>
<status status="PASS" starttime="20200312 10:40:35.883" endtime="20200312 10:40:36.002"></status>
</kw>
<kw name="Enter Confirmed Password" library="RegisterKeyword">
<arguments>
<arg>Svcmark04</arg>
</arguments>
<kw name="Input Password" library="SeleniumLibrary">
<doc>Types the given password into the text field identified by ``locator``.</doc>
<arguments>
<arg>${txt_confirmPassword}</arg>
<arg>${confirmPassword}</arg>
</arguments>
<msg timestamp="20200312 10:40:36.003" level="INFO">Typing password into text field 'name:confirmPassword'.</msg>
<msg timestamp="20200312 10:40:36.043" level="INFO">Temporally setting log level to: NONE</msg>
<msg timestamp="20200312 10:40:36.101" level="INFO">Log level changed from NONE to INFO.</msg>
<status status="PASS" starttime="20200312 10:40:36.003" endtime="20200312 10:40:36.102"></status>
</kw>
<status status="PASS" starttime="20200312 10:40:36.002" endtime="20200312 10:40:36.103"></status>
</kw>
<kw name="Click Submit" library="RegisterKeyword">
<kw name="Click Button" library="SeleniumLibrary">
<doc>Clicks the button identified by ``locator``.</doc>
<arguments>
<arg>${btn_submit}</arg>
</arguments>
<msg timestamp="20200312 10:40:36.104" level="INFO">Clicking button 'xpath://input[@name='register']'.</msg>
<status status="PASS" starttime="20200312 10:40:36.104" endtime="20200312 10:43:18.248"></status>
</kw>
<status status="PASS" starttime="20200312 10:40:36.103" endtime="20200312 10:43:18.249"></status>
</kw>
<kw name="Verify Succesful Register" library="RegisterKeyword">
<kw name="Page Should Contain" library="SeleniumLibrary">
<doc>Verifies that current page contains ``text``.</doc>
<arguments>
<arg>Thank you for registering.</arg>
</arguments>
<msg timestamp="20200312 10:43:18.266" level="INFO">Current page contains text 'Thank you for registering.'.</msg>
<status status="PASS" starttime="20200312 10:43:18.249" endtime="20200312 10:43:18.266"></status>
</kw>
<status status="PASS" starttime="20200312 10:43:18.249" endtime="20200312 10:43:18.267"></status>
</kw>
<status status="PASS" starttime="20200312 10:40:27.767" endtime="20200312 10:43:18.267" critical="yes"></status>
</test>
<status status="PASS" starttime="20200312 10:40:27.548" endtime="20200312 10:43:18.268"></status>
</suite>
<status status="PASS" starttime="20200312 10:40:27.546" endtime="20200312 10:43:18.271"></status>
</suite>
<status status="PASS" starttime="20200312 10:40:27.521" endtime="20200312 10:43:18.273"></status>
</suite>
<statistics>
<total>
<stat pass="1" fail="0">Critical Tests</stat>
<stat pass="1" fail="0">All Tests</stat>
</total>
<tag>
</tag>
<suite>
<stat pass="1" fail="0" id="s1" name="RobotProject1">RobotProject1</stat>
<stat pass="1" fail="0" id="s1-s1" name="TestCases">RobotProject1.TestCases</stat>
<stat pass="1" fail="0" id="s1-s1-s1" name="RegisterTest">RobotProject1.TestCases.RegisterTest</stat>
</suite>
</statistics>
<errors>
</errors>
</robot>
